c:\users\lando\documents\github\diodeamplifier\windows\diodeamplifier\builds\visualstudio2019\x64\release\shared code\pluginprocessor.obj
c:\users\lando\documents\github\diodeamplifier\windows\diodeamplifier\builds\visualstudio2019\x64\release\shared code\include_juce_gui_extra.obj
c:\users\lando\documents\github\diodeamplifier\windows\diodeamplifier\builds\visualstudio2019\x64\release\shared code\binarydata.obj
c:\users\lando\documents\github\diodeamplifier\windows\diodeamplifier\builds\visualstudio2019\x64\release\shared code\binarydata2.obj
c:\users\lando\documents\github\diodeamplifier\windows\diodeamplifier\builds\visualstudio2019\x64\release\shared code\include_juce_data_structures.obj
c:\users\lando\documents\github\diodeamplifier\windows\diodeamplifier\builds\visualstudio2019\x64\release\shared code\include_juce_dsp.obj
c:\users\lando\documents\github\diodeamplifier\windows\diodeamplifier\builds\visualstudio2019\x64\release\shared code\include_juce_core.obj
c:\users\lando\documents\github\diodeamplifier\windows\diodeamplifier\builds\visualstudio2019\x64\release\shared code\include_juce_audio_plugin_client_utils.obj
c:\users\lando\documents\github\diodeamplifier\windows\diodeamplifier\builds\visualstudio2019\x64\release\shared code\include_juce_audio_devices.obj
c:\users\lando\documents\github\diodeamplifier\windows\diodeamplifier\builds\visualstudio2019\x64\release\shared code\include_juce_audio_formats.obj
c:\users\lando\documents\github\diodeamplifier\windows\diodeamplifier\builds\visualstudio2019\x64\release\shared code\include_juce_audio_utils.obj
c:\users\lando\documents\github\diodeamplifier\windows\diodeamplifier\builds\visualstudio2019\x64\release\shared code\include_juce_audio_processors.obj
c:\users\lando\documents\github\diodeamplifier\windows\diodeamplifier\builds\visualstudio2019\x64\release\shared code\cabbuttonprops.obj
c:\users\lando\documents\github\diodeamplifier\windows\diodeamplifier\builds\visualstudio2019\x64\release\shared code\include_juce_graphics.obj
c:\users\lando\documents\github\diodeamplifier\windows\diodeamplifier\builds\visualstudio2019\x64\release\shared code\plugineditor.obj
c:\users\lando\documents\github\diodeamplifier\windows\diodeamplifier\builds\visualstudio2019\x64\release\shared code\include_juce_gui_basics.obj
c:\users\lando\documents\github\diodeamplifier\windows\diodeamplifier\builds\visualstudio2019\x64\release\shared code\include_juce_audio_basics.obj
c:\users\lando\documents\github\diodeamplifier\windows\diodeamplifier\builds\visualstudio2019\x64\release\shared code\include_juce_events.obj
c:\users\lando\documents\github\diodeamplifier\windows\diodeamplifier\builds\visualstudio2019\x64\release\shared code\diodeamplifier_sharedcode.pdb
c:\users\lando\documents\github\diodeamplifier\windows\diodeamplifier\builds\visualstudio2019\x64\release\shared code\diodeamplifier.lib
c:\users\lando\documents\github\diodeamplifier\windows\diodeamplifier\builds\visualstudio2019\x64\release\shared code\diodeamp.b4d66dad.tlog\cl.10008.write.1.tlog
c:\users\lando\documents\github\diodeamplifier\windows\diodeamplifier\builds\visualstudio2019\x64\release\shared code\diodeamp.b4d66dad.tlog\cl.command.1.tlog
c:\users\lando\documents\github\diodeamplifier\windows\diodeamplifier\builds\visualstudio2019\x64\release\shared code\diodeamp.b4d66dad.tlog\cl.read.1.tlog
c:\users\lando\documents\github\diodeamplifier\windows\diodeamplifier\builds\visualstudio2019\x64\release\shared code\diodeamp.b4d66dad.tlog\lib-link.read.1.tlog
c:\users\lando\documents\github\diodeamplifier\windows\diodeamplifier\builds\visualstudio2019\x64\release\shared code\diodeamp.b4d66dad.tlog\lib-link.write.1.tlog
c:\users\lando\documents\github\diodeamplifier\windows\diodeamplifier\builds\visualstudio2019\x64\release\shared code\diodeamp.b4d66dad.tlog\lib.command.1.tlog
