  PluginProcessor.cpp
C:\Users\lando\Documents\GitHub\DiodeAmplifier\Windows\DiodeAmplifier\Source\PluginProcessor.h(100,27): warning C4305: 'initializing': truncation from 'double' to 'const float'
C:\Users\lando\Documents\GitHub\DiodeAmplifier\Windows\DiodeAmplifier\Source\ViatorDial.h(25,24): warning C4244: 'initializing': conversion from 'double' to 'float', possible loss of data
C:\Users\lando\Documents\GitHub\DiodeAmplifier\Windows\DiodeAmplifier\Source\ViatorDial.h(26,22): warning C4244: 'initializing': conversion from 'double' to 'float', possible loss of data
C:\Users\lando\Documents\GitHub\DiodeAmplifier\Windows\DiodeAmplifier\Source\ViatorDial.h(27,23): warning C4244: 'initializing': conversion from 'double' to 'float', possible loss of data
C:\Users\lando\Documents\GitHub\DiodeAmplifier\Windows\DiodeAmplifier\Source\ViatorDial.h(28,23): warning C4244: 'initializing': conversion from 'double' to 'float', possible loss of data
C:\Users\lando\Documents\GitHub\DiodeAmplifier\Windows\DiodeAmplifier\Source\ViatorDial.h(34,1): warning C4305: 'argument': truncation from 'double' to 'float'
C:\Users\lando\Documents\GitHub\DiodeAmplifier\Windows\DiodeAmplifier\Source\ViatorDial.h(35,1): warning C4305: 'argument': truncation from 'double' to 'float'
C:\Users\lando\Documents\GitHub\DiodeAmplifier\Windows\DiodeAmplifier\Source\ViatorDial.h(42,60): warning C4244: 'argument': conversion from 'double' to 'float', possible loss of data
C:\Users\lando\Documents\GitHub\DiodeAmplifier\Windows\DiodeAmplifier\Source\ViatorDial.h(23,160): warning C4100: 'slider': unreferenced formal parameter
C:\Users\lando\Documents\GitHub\DiodeAmplifier\Windows\DiodeAmplifier\Source\ViatorDial.h(51,24): warning C4244: 'initializing': conversion from 'double' to 'float', possible loss of data
C:\Users\lando\Documents\GitHub\DiodeAmplifier\Windows\DiodeAmplifier\Source\ViatorDial.h(52,22): warning C4244: 'initializing': conversion from 'double' to 'float', possible loss of data
C:\Users\lando\Documents\GitHub\DiodeAmplifier\Windows\DiodeAmplifier\Source\ViatorDial.h(53,23): warning C4244: 'initializing': conversion from 'double' to 'float', possible loss of data
C:\Users\lando\Documents\GitHub\DiodeAmplifier\Windows\DiodeAmplifier\Source\ViatorDial.h(54,23): warning C4244: 'initializing': conversion from 'double' to 'float', possible loss of data
C:\Users\lando\Documents\GitHub\DiodeAmplifier\Windows\DiodeAmplifier\Source\ViatorDial.h(60,1): warning C4305: 'argument': truncation from 'double' to 'float'
C:\Users\lando\Documents\GitHub\DiodeAmplifier\Windows\DiodeAmplifier\Source\ViatorDial.h(61,1): warning C4305: 'argument': truncation from 'double' to 'float'
C:\Users\lando\Documents\GitHub\DiodeAmplifier\Windows\DiodeAmplifier\Source\ViatorDial.h(69,60): warning C4244: 'argument': conversion from 'double' to 'float', possible loss of data
C:\Users\lando\Documents\GitHub\DiodeAmplifier\Windows\DiodeAmplifier\Source\ViatorDial.h(49,160): warning C4100: 'slider': unreferenced formal parameter
C:\Users\lando\Documents\GitHub\DiodeAmplifier\Windows\DiodeAmplifier\Source\PluginProcessor.cpp(206,59): warning C4100: 'index': unreferenced formal parameter
C:\Users\lando\Documents\GitHub\DiodeAmplifier\Windows\DiodeAmplifier\Source\PluginProcessor.cpp(210,70): warning C4100: 'index': unreferenced formal parameter
C:\Users\lando\Documents\GitHub\DiodeAmplifier\Windows\DiodeAmplifier\Source\PluginProcessor.cpp(215,86): warning C4100: 'newName': unreferenced formal parameter
C:\Users\lando\Documents\GitHub\DiodeAmplifier\Windows\DiodeAmplifier\Source\PluginProcessor.cpp(215,59): warning C4100: 'index': unreferenced formal parameter
C:\Users\lando\Documents\GitHub\DiodeAmplifier\Windows\DiodeAmplifier\Source\PluginProcessor.cpp(243,107): warning C4244: 'argument': conversion from 'double' to 'NumericType', possible loss of data
          with
          [
              NumericType=float
          ]
C:\Users\lando\Documents\GitHub\DiodeAmplifier\Windows\DiodeAmplifier\Source\PluginProcessor.cpp(243,164): warning C4305: 'argument': truncation from 'double' to 'NumericType'
          with
          [
              NumericType=float
          ]
C:\Users\lando\Documents\GitHub\DiodeAmplifier\Windows\DiodeAmplifier\Source\PluginProcessor.cpp(247,109): warning C4244: 'argument': conversion from 'double' to 'NumericType', possible loss of data
          with
          [
              NumericType=float
          ]
C:\Users\lando\Documents\GitHub\DiodeAmplifier\Windows\DiodeAmplifier\Source\PluginProcessor.cpp(247,166): warning C4305: 'argument': truncation from 'double' to 'NumericType'
          with
          [
              NumericType=float
          ]
C:\Users\lando\Documents\GitHub\DiodeAmplifier\Windows\DiodeAmplifier\Source\PluginProcessor.cpp(251,111): warning C4244: 'argument': conversion from 'double' to 'NumericType', possible loss of data
          with
          [
              NumericType=float
          ]
C:\Users\lando\Documents\GitHub\DiodeAmplifier\Windows\DiodeAmplifier\Source\PluginProcessor.cpp(251,169): warning C4305: 'argument': truncation from 'double' to 'NumericType'
          with
          [
              NumericType=float
          ]
C:\Users\lando\Documents\GitHub\DiodeAmplifier\Windows\DiodeAmplifier\Source\PluginProcessor.cpp(326,50): warning C4244: 'initializing': conversion from 'double' to 'float', possible loss of data
C:\Users\lando\Documents\GitHub\DiodeAmplifier\Windows\DiodeAmplifier\Source\PluginProcessor.cpp(303,102): warning C4100: 'midiMessages': unreferenced formal parameter
C:\Users\lando\Documents\GitHub\DiodeAmplifier\Windows\DiodeAmplifier\Source\PluginProcessor.cpp(349,95): warning C4244: 'argument': conversion from 'double' to 'NumericType', possible loss of data
          with
          [
              NumericType=float
          ]
C:\Users\lando\Documents\GitHub\DiodeAmplifier\Windows\DiodeAmplifier\Source\PluginProcessor.cpp(349,152): warning C4305: 'argument': truncation from 'double' to 'NumericType'
          with
          [
              NumericType=float
          ]
C:\Users\lando\Documents\GitHub\DiodeAmplifier\Windows\DiodeAmplifier\Source\PluginProcessor.cpp(350,97): warning C4244: 'argument': conversion from 'double' to 'NumericType', possible loss of data
          with
          [
              NumericType=float
          ]
C:\Users\lando\Documents\GitHub\DiodeAmplifier\Windows\DiodeAmplifier\Source\PluginProcessor.cpp(350,154): warning C4305: 'argument': truncation from 'double' to 'NumericType'
          with
          [
              NumericType=float
          ]
C:\Users\lando\Documents\GitHub\DiodeAmplifier\Windows\DiodeAmplifier\Source\PluginProcessor.cpp(351,99): warning C4244: 'argument': conversion from 'double' to 'NumericType', possible loss of data
          with
          [
              NumericType=float
          ]
C:\Users\lando\Documents\GitHub\DiodeAmplifier\Windows\DiodeAmplifier\Source\PluginProcessor.cpp(351,157): warning C4305: 'argument': truncation from 'double' to 'NumericType'
          with
          [
              NumericType=float
          ]
C:\Users\lando\Documents\GitHub\DiodeAmplifier\Windows\DiodeAmplifier\Source\PluginProcessor.cpp(356,70): warning C4100: 'freq': unreferenced formal parameter
C:\Users\lando\Documents\GitHub\DiodeAmplifier\Windows\DiodeAmplifier\Source\PluginProcessor.cpp(360,69): warning C4100: 'freq': unreferenced formal parameter
C:\Users\lando\Documents\GitHub\DiodeAmplifier\Windows\DiodeAmplifier\Source\PluginProcessor.cpp(365,104): warning C4244: 'argument': conversion from 'double' to 'NumericType', possible loss of data
          with
          [
              NumericType=float
          ]
C:\Users\lando\Documents\GitHub\DiodeAmplifier\Windows\DiodeAmplifier\Source\PluginProcessor.cpp(365,121): warning C4305: 'argument': truncation from 'double' to 'NumericType'
          with
          [
              NumericType=float
          ]
C:\Users\lando\Documents\GitHub\DiodeAmplifier\Windows\DiodeAmplifier\Source\PluginProcessor.cpp(369,106): warning C4244: 'argument': conversion from 'double' to 'NumericType', possible loss of data
          with
          [
              NumericType=float
          ]
C:\Users\lando\Documents\GitHub\DiodeAmplifier\Windows\DiodeAmplifier\Source\PluginProcessor.cpp(369,123): warning C4305: 'argument': truncation from 'double' to 'NumericType'
          with
          [
              NumericType=float
          ]
C:\Users\lando\Documents\GitHub\DiodeAmplifier\Windows\DiodeAmplifier\Source\PluginProcessor.cpp(373,108): warning C4244: 'argument': conversion from 'double' to 'NumericType', possible loss of data
          with
          [
              NumericType=float
          ]
C:\Users\lando\Documents\GitHub\DiodeAmplifier\Windows\DiodeAmplifier\Source\PluginProcessor.cpp(373,125): warning C4305: 'argument': truncation from 'double' to 'NumericType'
          with
          [
              NumericType=float
          ]
  DiodeAmplifier_SharedCode.vcxproj -> C:\Users\lando\Documents\GitHub\DiodeAmplifier\Windows\DiodeAmplifier\Builds\VisualStudio2019\x64\Release\Shared Code\DiodeAmplifier.lib
